<?xml version="1.0" encoding="UTF-8"?>
<!-- Generated by org.testng.reporters.JUnitXMLReporter -->
<testsuite ignored="0" hostname="LAPTOP-HTB7FUT0" failures="1" tests="2" name="Test" time="21.877" errors="0" timestamp="2023-12-16T07:54:17 IST">
  <testcase classname="com.openCart.testCases.Search" name="TC_SF_001" time="1.697">
    <failure type="java.lang.AssertionError" message="null">
      <![CDATA[java.lang.AssertionError: null
at com.openCart.testCases.Search.TC_SF_001(Search.java:44)
at java.base/java.util.ArrayList.forEach(ArrayList.java:1511)
... Removed 29 stack frames]]>
    </failure>
  </testcase> <!-- TC_SF_001 -->
  <testcase classname="com.openCart.testCases.Search" name="TC_SF_002" time="0.0">
    <skipped/>
  </testcase> <!-- TC_SF_002 -->
</testsuite> <!-- Test -->
